[ 2016-05-06T13:39:53+08:00 ] 127.0.0.1 /mvc/shop/index.php/m=home/goods/showlist
INFO: [ app_init ] --START--
INFO: Run Behavior\BuildLiteBehavior [ RunTime:0.000009s ]
INFO: [ app_init ] --END-- [ RunTime:0.000247s ]
ERR: 无法加载模块:M=home

[ 2016-05-06T16:06:36+08:00 ] 127.0.0.1 /mvc/shop/index.php/head.html
INFO: [ app_init ] --START--
INFO: Run Behavior\BuildLiteBehavior [ RunTime:0.000009s ]
INFO: [ app_init ] --END-- [ RunTime:0.000215s ]
ERR: 无法加载模块:Head

[ 2016-05-06T16:06:36+08:00 ] 127.0.0.1 /mvc/shop/index.php/right.html
INFO: [ app_init ] --START--
INFO: Run Behavior\BuildLiteBehavior [ RunTime:0.000008s ]
INFO: [ app_init ] --END-- [ RunTime:0.000200s ]
ERR: 无法加载模块:Right

[ 2016-05-06T16:06:36+08:00 ] 127.0.0.1 /mvc/shop/index.php/left.html
INFO: [ app_init ] --START--
INFO: Run Behavior\BuildLiteBehavior [ RunTime:0.000012s ]
INFO: [ app_init ] --END-- [ RunTime:0.000341s ]
ERR: 无法加载模块:Left

[ 2016-05-06T16:16:37+08:00 ] 127.0.0.1 /mvc/shop/index.php/_CONTROLLER_/head.html
INFO: [ app_init ] --START--
INFO: Run Behavior\BuildLiteBehavior [ RunTime:0.000010s ]
INFO: [ app_init ] --END-- [ RunTime:0.000205s ]
ERR: 无法加载模块:_CONTROLLER_

[ 2016-05-06T16:16:37+08:00 ] 127.0.0.1 /mvc/shop/index.php/_CONTROLLER_/left.html
INFO: [ app_init ] --START--
INFO: Run Behavior\BuildLiteBehavior [ RunTime:0.000009s ]
INFO: [ app_init ] --END-- [ RunTime:0.000333s ]
ERR: 无法加载模块:_CONTROLLER_

[ 2016-05-06T16:16:37+08:00 ] 127.0.0.1 /mvc/shop/index.php/_CONTROLLER_/right.html
INFO: [ app_init ] --START--
INFO: Run Behavior\BuildLiteBehavior [ RunTime:0.000013s ]
INFO: [ app_init ] --END-- [ RunTime:0.000256s ]
ERR: 无法加载模块:_CONTROLLER_

[ 2016-05-06T16:16:37+08:00 ] 127.0.0.1 /mvc/shop/index.php/_CONTROLLER_/right.html
INFO: [ app_init ] --START--
INFO: Run Behavior\BuildLiteBehavior [ RunTime:0.000010s ]
INFO: [ app_init ] --END-- [ RunTime:0.000217s ]
ERR: 无法加载模块:_CONTROLLER_

[ 2016-05-06T16:16:37+08:00 ] 127.0.0.1 /mvc/shop/index.php/_CONTROLLER_/head.html
INFO: [ app_init ] --START--
INFO: Run Behavior\BuildLiteBehavior [ RunTime:0.000012s ]
INFO: [ app_init ] --END-- [ RunTime:0.000278s ]
ERR: 无法加载模块:_CONTROLLER_

[ 2016-05-06T16:16:37+08:00 ] 127.0.0.1 /mvc/shop/index.php/_CONTROLLER_/left.html
INFO: [ app_init ] --START--
INFO: Run Behavior\BuildLiteBehavior [ RunTime:0.000014s ]
INFO: [ app_init ] --END-- [ RunTime:0.000310s ]
ERR: 无法加载模块:_CONTROLLER_

[ 2016-05-06T16:16:37+08:00 ] 127.0.0.1 /mvc/shop/index.php/_CONTROLLER_/head.html
INFO: [ app_init ] --START--
INFO: Run Behavior\BuildLiteBehavior [ RunTime:0.000014s ]
INFO: [ app_init ] --END-- [ RunTime:0.000248s ]
ERR: 无法加载模块:_CONTROLLER_

[ 2016-05-06T16:16:37+08:00 ] 127.0.0.1 /mvc/shop/index.php/_CONTROLLER_/left.html
INFO: [ app_init ] --START--
INFO: Run Behavior\BuildLiteBehavior [ RunTime:0.000013s ]
INFO: [ app_init ] --END-- [ RunTime:0.000304s ]
ERR: 无法加载模块:_CONTROLLER_

[ 2016-05-06T16:16:37+08:00 ] 127.0.0.1 /mvc/shop/index.php/_CONTROLLER_/right.html
INFO: [ app_init ] --START--
INFO: Run Behavior\BuildLiteBehavior [ RunTime:0.000008s ]
INFO: [ app_init ] --END-- [ RunTime:0.000267s ]
ERR: 无法加载模块:_CONTROLLER_

[ 2016-05-06T20:36:10+08:00 ] 127.0.0.1 /mvc/shop/index.php//Index/index
ERR: 无法加载模块:Index

[ 2016-05-06T20:36:15+08:00 ] 127.0.0.1 /mvc/shop/index.php/Index/index
ERR: 无法加载模块:Index

